<?xml version="1.0" encoding="UTF-8"?>
<testsuites name="Mocha Tests" time="71.056" tests="3" failures="0">
  <testsuite name="Root Suite" timestamp="2025-08-11T18:49:17" tests="0" time="0.000" failures="0">
  </testsuite>
  <testsuite name="Sign in" timestamp="2025-08-11T18:49:17" tests="2" file="E:\IT\Git\Repos\ui\scenarios\Sign_in_test.ts" time="23.107" failures="0">
    <testcase name="Sign in: Crean an account @registration @sign_in" time="11.306" classname="Crean an account @registration @sign_in">
    </testcase>
    <testcase name="Sign in: User logins to the system @login @sign_in @1" time="7.470" classname="User logins to the system @login @sign_in @1">
    </testcase>
  </testsuite>
  <testsuite name="But product" timestamp="2025-08-11T18:49:41" tests="1" file="E:\IT\Git\Repos\ui\scenarios\Buy_product_test.ts" time="47.946" failures="0">
    <testcase name="But product: User buys product @buy @1" time="45.824" classname="User buys product @buy @1">
    </testcase>
  </testsuite>
</testsuites>